<?xml version="1.0" encoding="UTF-8"?>
<!-- Generated by org.testng.reporters.JUnitXMLReporter -->
<testsuite hostname="BANL11915844b.local" name="CCBank Verify Title and Login Button" tests="3" failures="0" timestamp="3 Sep 2015 20:29:34 GMT" time="1.196" errors="0">
  <testcase name="testCCBank_VerifyTitle" time="0.015" classname="testngex.CCBank_VerifyTitleLoginButton"/>
  <testcase name="testCCBank_VerifyLoginButtonExists" time="0.054" classname="testngex.CCBank_VerifyTitleLoginButton"/>
  <testcase name="testCCBank_VerifyLoginButtonText" time="0.015" classname="testngex.CCBank_VerifyTitleLoginButton"/>
</testsuite> <!-- CCBank Verify Title and Login Button -->
