<?xml version="1.0" encoding="UTF-8"?>
<!-- Generated by org.testng.reporters.JUnitXMLReporter -->
<testsuite hostname="BANL11915844b.local" name="CCBank Verify Title and Buttons" tests="5" failures="0" timestamp="3 Sep 2015 22:14:41 GMT" time="2.588" errors="0">
  <testcase name="testCCBank_VerifyTitle" time="0.012" classname="testngex.CCBank_VerifyTitleLoginButton"/>
  <testcase name="testCCBank_VerifyLoginButtonExists" time="0.062" classname="testngex.CCBank_VerifyTitleLoginButton"/>
  <testcase name="testCCBank_VerifyLoginButtonText" time="0.014" classname="testngex.CCBank_VerifyTitleLoginButton"/>
  <testcase name="testCCBank_VerifyNewUserButtonExists" time="0.048" classname="testngex.CCBank_VerifyNewUserButton"/>
  <testcase name="testCCBank_VerifyNewUserButtonText" time="0.013" classname="testngex.CCBank_VerifyNewUserButton"/>
</testsuite> <!-- CCBank Verify Title and Buttons -->
