<?xml version="1.0" encoding="UTF-8"?>
<!-- Generated by org.testng.reporters.JUnitXMLReporter -->
<testsuite hostname="BANL11915844b.local" name="CCBank Verify Create New User Button" tests="2" failures="0" timestamp="3 Sep 2015 20:29:35 GMT" time="1.172" errors="0">
  <testcase name="testCCBank_VerifyNewUserButtonExists" time="0.053" classname="testngex.CCBank_VerifyNewUserButton"/>
  <testcase name="testCCBank_VerifyNewUserButtonText" time="0.015" classname="testngex.CCBank_VerifyNewUserButton"/>
</testsuite> <!-- CCBank Verify Create New User Button -->
