<?xml version="1.0" encoding="UTF-8"?>
<!-- Generated by org.testng.reporters.JUnitXMLReporter -->
<testsuite hostname="BANL11915844b.local" name="TestNG_AnnotationsEx" tests="4" failures="0" timestamp="3 Sep 2015 20:25:18 GMT" time="0.005" errors="0">
  <testcase name="testcaseRegister" time="0.0" classname="testngex.TestNG_AnnotationsEx"/>
  <testcase name="testcaseLogin" time="0.0" classname="testngex.TestNG_AnnotationsEx"/>
  <testcase name="testcaseChangePassword" time="0.0" classname="testngex.TestNG_AnnotationsEx"/>
  <testcase name="testcaseLogout" time="0.0" classname="testngex.TestNG_AnnotationsEx"/>
</testsuite> <!-- TestNG_AnnotationsEx -->
