<?xml version="1.0" encoding="UTF-8"?>
<testng-results skipped="0" failed="0" total="1" passed="1">
  <reporter-output>
  </reporter-output>
  <suite name="Default suite" duration-ms="3991" started-at="2015-09-04T21:22:10Z" finished-at="2015-09-04T21:22:14Z">
    <groups>
    </groups>
    <test name="Default test" duration-ms="3991" started-at="2015-09-04T21:22:10Z" finished-at="2015-09-04T21:22:14Z">
      <class name="webdriver.FindElementsByTag">
        <test-method status="PASS" signature="setup()[pri:0, instance:webdriver.FindElementsByTag@3930015a]" name="setup" is-config="true" duration-ms="3240" started-at="2015-09-05T02:52:10Z" finished-at="2015-09-05T02:52:13Z">
          <reporter-output>
          </reporter-output>
        </test-method> <!-- setup -->
        <test-method status="PASS" signature="findElementsByTag()[pri:0, instance:webdriver.FindElementsByTag@3930015a]" name="findElementsByTag" duration-ms="654" started-at="2015-09-05T02:52:13Z" finished-at="2015-09-05T02:52:14Z">
          <reporter-output>
          </reporter-output>
        </test-method> <!-- findElementsByTag -->
        <test-method status="PASS" signature="tearDown()[pri:0, instance:webdriver.FindElementsByTag@3930015a]" name="tearDown" is-config="true" duration-ms="87" started-at="2015-09-05T02:52:14Z" finished-at="2015-09-05T02:52:14Z">
          <reporter-output>
          </reporter-output>
        </test-method> <!-- tearDown -->
      </class> <!-- webdriver.FindElementsByTag -->
    </test> <!-- Default test -->
  </suite> <!-- Default suite -->
</testng-results>
